


/home/simpster-1/dev_stuff/42_coding/42/z_circle_02/push_swap/src/push_swap/input_c.c/home/simpster-1/dev_stuff/42_coding/42/z_circle_02/push_swap/src/push_swap/main.c: In function ‘main’:
/home/simpster-1/dev_stuff/42_coding/42/z_circle_02/push_swap/src/push_swap/main.c:14:9: warning: implicit declaration of function ‘not_sorted’; did you mean ‘ft_sort’? [-Wimplicit-function-declaration]
   14 |     if (not_sorted(stack_a)) // need to make this function
      |         ^~~~~~~~~~
      |         ft_sort
/home/simpster-1/dev_stuff/42_coding/42/z_circle_02/push_swap/src/push_swap/main.c:16:27: warning: passing argument 1 of ‘ft_free_lists_or_list’ from incompatible pointer type [-Wincompatible-pointer-types]
   16 |     ft_free_lists_or_list(stack_a, stack_b, NULL);
      |                           ^~~~~~~
      |                           |
      |                           t_digit ** {aka struct s_digit **}
In file included from /home/simpster-1/dev_stuff/42_coding/42/z_circle_02/push_swap/src/push_swap/main.c:1:
/home/simpster-1/dev_stuff/42_coding/42/z_circle_02/push_swap/src/push_swap/../../includes/push_swap.h:44:37: note: expected ‘t_digit *’ {aka ‘struct s_digit *’} but argument is of type ‘t_digit **’ {aka ‘struct s_digit **’}
   44 | void ft_free_lists_or_list(t_digit *a_stack, ...);
      |                            ~~~~~~~~~^~~~~~~
/home/simpster-1/dev_stuff/42_coding/42/z_circle_02/push_swap/src/push_swap/main.c: In function ‘in_cleaning’:
/home/simpster-1/dev_stuff/42_coding/42/z_circle_02/push_swap/src/push_swap/main.c:42:35: warning: passing argument 1 of ‘ft_free_lists_or_list’ from incompatible pointer type [-Wincompatible-pointer-types]
   42 |             ft_free_lists_or_list(*stack_b, *stack_a, NULL);
      |                                   ^~~~~~~~
      |                                   |
      |                                   t_digit ** {aka struct s_digit **}
/home/simpster-1/dev_stuff/42_coding/42/z_circle_02/push_swap/src/push_swap/../../includes/push_swap.h:44:37: note: expected ‘t_digit *’ {aka ‘struct s_digit *’} but argument is of type ‘t_digit **’ {aka ‘struct s_digit **’}
   44 | void ft_free_lists_or_list(t_digit *a_stack, ...);
      |                            ~~~~~~~~~^~~~~~~
/home/simpster-1/dev_stuff/42_coding/42/z_circle_02/push_swap/src/push_swap/utils1.c: In function ‘ft_free_lists_or_list’:
/home/simpster-1/dev_stuff/42_coding/42/z_circle_02/push_swap/src/push_swap/utils1.c:50:17: warning: implicit declaration of function ‘ft_free_list’; did you mean ‘ft_freestr’? [-Wimplicit-function-declaration]
   50 |                 ft_free_list(current_list);
      |                 ^~~~~~~~~~~~
      |                 ft_freestr
/home/simpster-1/dev_stuff/42_coding/42/z_circle_02/push_swap/src/push_swap/utils1.c: At top level:
/home/simpster-1/dev_stuff/42_coding/42/z_circle_02/push_swap/src/push_swap/utils1.c:57:17: warning: conflicting types for ‘ft_free_list’; have ‘void(t_digit *)’ {aka ‘void(struct s_digit *)’}
   57 | static void     ft_free_list(t_digit *stack)
      |                 ^~~~~~~~~~~~
/home/simpster-1/dev_stuff/42_coding/42/z_circle_02/push_swap/src/push_swap/utils1.c:57:17: error: static declaration of ‘ft_free_list’ follows non-static declaration
/home/simpster-1/dev_stuff/42_coding/42/z_circle_02/push_swap/src/push_swap/utils1.c:50:17: note: previous implicit declaration of ‘ft_free_list’ with type ‘void(t_digit *)’ {aka ‘void(struct s_digit *)’}
   50 |                 ft_free_list(current_list);
      |                 ^~~~~~~~~~~~
/home/simpster-1/dev_stuff/42_coding/42/z_circle_02/push_swap/src/push_swap/sort_big.c: In function ‘ft_sort_big’:
/home/simpster-1/dev_stuff/42_coding/42/z_circle_02/push_swap/src/push_swap/sort_big.c:17:39: warning: passing argument 1 of ‘ft_free_lists_or_list’ from incompatible pointer type [-Wincompatible-pointer-types]
   17 |                 ft_free_lists_or_list(stack_a, stack_b, NULL);
      |                                       ^~~~~~~
      |                                       |
      |                                       t_digit ** {aka struct s_digit **}
In file included from /home/simpster-1/dev_stuff/42_coding/42/z_circle_02/push_swap/src/push_swap/sort_big.c:1:
/home/simpster-1/dev_stuff/42_coding/42/z_circle_02/push_swap/src/push_swap/../../includes/push_swap.h:44:37: note: expected ‘t_digit *’ {aka ‘struct s_digit *’} but argument is of type ‘t_digit **’ {aka ‘struct s_digit **’}
   44 | void ft_free_lists_or_list(t_digit *a_stack, ...);
      |                            ~~~~~~~~~^~~~~~~
/home/simpster-1/dev_stuff/42_coding/42/z_circle_02/push_swap/src/push_swap/sort_big.c:22:26: warning: passing argument 1 of ‘ft_stacksize’ from incompatible pointer type [-Wincompatible-pointer-types]
   22 |         if (ft_stacksize(stack_a) > 4 || !(ft_is_sorted(stack_a)))
      |                          ^~~~~~~
      |                          |
      |                          t_digit ** {aka struct s_digit **}
/home/simpster-1/dev_stuff/42_coding/42/z_circle_02/push_swap/src/push_swap/../../includes/push_swap.h:33:39: note: expected ‘t_digit *’ {aka ‘struct s_digit *’} but argument is of type ‘t_digit **’ {aka ‘struct s_digit **’}
   33 | int             ft_stacksize(t_digit *stack);
      |                              ~~~~~~~~~^~~~~
/home/simpster-1/dev_stuff/42_coding/42/z_circle_02/push_swap/src/push_swap/sort_big.c:24:29: warning: passing argument 1 of ‘ft_stacksize’ from incompatible pointer type [-Wincompatible-pointer-types]
   24 |         while (ft_stacksize(stack_a) > 4 && !(ft_is_sorted(stack_a)))
      |                             ^~~~~~~
      |                             |
      |                             t_digit ** {aka struct s_digit **}
/home/simpster-1/dev_stuff/42_coding/42/z_circle_02/push_swap/src/push_swap/../../includes/push_swap.h:33:39: note: expected ‘t_digit *’ {aka ‘struct s_digit *’} but argument is of type ‘t_digit **’ {aka ‘struct s_digit **’}
   33 | int             ft_stacksize(t_digit *stack);
      |                              ~~~~~~~~~^~~~~
/home/simpster-1/dev_stuff/42_coding/42/z_circle_02/push_swap/src/push_swap/sort_big.c:29:9: warning: implicit declaration of function ‘ft_sort_four’; did you mean ‘ft_sort_big’? [-Wimplicit-function-declaration]
   29 |         ft_sort_four(stack_a, stack_b);
      |         ^~~~~~~~~~~~
      |         ft_sort_big
/home/simpster-1/dev_stuff/42_coding/42/z_circle_02/push_swap/src/push_swap/sort_big.c:31:9: warning: implicit declaration of function ‘ft_final_orient’ [-Wimplicit-function-declaration]
   31 |         ft_final_orient(stack_a);
      |         ^~~~~~~~~~~~~~~
/home/simpster-1/dev_stuff/42_coding/42/z_circle_02/push_swap/src/push_swap/sort_big.c:32:31: warning: passing argument 1 of ‘ft_free_lists_or_list’ from incompatible pointer type [-Wincompatible-pointer-types]
   32 |         ft_free_lists_or_list(stack_a, stack_b, NULL);
      |                               ^~~~~~~
      |                               |
      |                               t_digit ** {aka struct s_digit **}
/home/simpster-1/dev_stuff/42_coding/42/z_circle_02/push_swap/src/push_swap/../../includes/push_swap.h:44:37: note: expected ‘t_digit *’ {aka ‘struct s_digit *’} but argument is of type ‘t_digit **’ {aka ‘struct s_digit **’}
   44 | void ft_free_lists_or_list(t_digit *a_stack, ...);
      |                            ~~~~~~~~~^~~~~~~
/home/simpster-1/dev_stuff/42_coding/42/z_circle_02/push_swap/src/push_swap/sort_big.c: In function ‘ft_splice_splice’:
/home/simpster-1/dev_stuff/42_coding/42/z_circle_02/push_swap/src/push_swap/sort_big.c:50:9: warning: implicit declaration of function ‘ft_rotations’ [-Wimplicit-function-declaration]
   50 |         ft_rotations(stack_a, a, 'a');
      |         ^~~~~~~~~~~~
/home/simpster-1/dev_stuff/42_coding/42/z_circle_02/push_swap/src/push_swap/sort_big.c: At top level:
/home/simpster-1/dev_stuff/42_coding/42/z_circle_02/push_swap/src/push_swap/sort_big.c:64:6: warning: conflicting types for ‘ft_rotations’; have ‘void(t_digit **, int,  char)’ {aka ‘void(struct s_digit **, int,  char)’}
   64 | void ft_rotations(t_digit **stack_x, int x, char id)
      |      ^~~~~~~~~~~~
/home/simpster-1/dev_stuff/42_coding/42/z_circle_02/push_swap/src/push_swap/sort_big.c:50:9: note: previous implicit declaration of ‘ft_rotations’ with type ‘void(t_digit **, int,  char)’ {aka ‘void(struct s_digit **, int,  char)’}
   50 |         ft_rotations(stack_a, a, 'a');
      |         ^~~~~~~~~~~~
/home/simpster-1/dev_stuff/42_coding/42/z_circle_02/push_swap/src/push_swap/sort_big.c: In function ‘ft_mesur_dist’:
/home/simpster-1/dev_stuff/42_coding/42/z_circle_02/push_swap/src/push_swap/sort_big.c:105:9: warning: implicit declaration of function ‘ft_mesur_a’; did you mean ‘ft_mesur_dist’? [-Wimplicit-function-declaration]
  105 |         ft_mesur_a(current_a, ab_tmp_min);
      |         ^~~~~~~~~~
      |         ft_mesur_dist
/home/simpster-1/dev_stuff/42_coding/42/z_circle_02/push_swap/src/push_swap/sort_big.c:106:9: warning: implicit declaration of function ‘ft_mesur_b’; did you mean ‘ft_mesur_dist’? [-Wimplicit-function-declaration]
  106 |         ft_mesur_b(num, *stack_b, ab_tmp_min);
      |         ^~~~~~~~~~
      |         ft_mesur_dist
/home/simpster-1/dev_stuff/42_coding/42/z_circle_02/push_swap/src/push_swap/sort_big.c:107:13: warning: implicit declaration of function ‘ft_abs’; did you mean ‘ft_ss’? [-Wimplicit-function-declaration]
  107 |         if (ft_abs(ab_tmp_min[0]) + ft_abs(ab_tmp_min[1]) < ft_abs(ab_tmp_min[2]) + ft_abs(ab_tmp_min[3]))
      |             ^~~~~~
      |             ft_ss
/home/simpster-1/dev_stuff/42_coding/42/z_circle_02/push_swap/src/push_swap/sort_big.c: At top level:
/home/simpster-1/dev_stuff/42_coding/42/z_circle_02/push_swap/src/push_swap/sort_big.c:122:9: warning: conflicting types for ‘ft_mesur_a’; have ‘void(t_digit *, int *)’ {aka ‘void(struct s_digit *, int *)’}
  122 | void    ft_mesur_a(t_digit *stack_a, int *ab_tmp_min)
      |         ^~~~~~~~~~
/home/simpster-1/dev_stuff/42_coding/42/z_circle_02/push_swap/src/push_swap/sort_big.c:105:9: note: previous implicit declaration of ‘ft_mesur_a’ with type ‘void(t_digit *, int *)’ {aka ‘void(struct s_digit *, int *)’}
  105 |         ft_mesur_a(current_a, ab_tmp_min);
      |         ^~~~~~~~~~
/home/simpster-1/dev_stuff/42_coding/42/z_circle_02/push_swap/src/push_swap/sort_big.c:155:9: warning: conflicting types for ‘ft_mesur_b’; have ‘void(int,  t_digit *, int *)’ {aka ‘void(int,  struct s_digit *, int *)’}
  155 | void    ft_mesur_b(int num, t_digit *stack_b, int *ab_tmp_min)
      |         ^~~~~~~~~~
/home/simpster-1/dev_stuff/42_coding/42/z_circle_02/push_swap/src/push_swap/sort_big.c:106:9: note: previous implicit declaration of ‘ft_mesur_b’ with type ‘void(int,  t_digit *, int *)’ {aka ‘void(int,  struct s_digit *, int *)’}
  106 |         ft_mesur_b(num, *stack_b, ab_tmp_min);
      |         ^~~~~~~~~~
/home/simpster-1/dev_stuff/42_coding/42/z_circle_02/push_swap/src/push_swap/sort_big.c: In function ‘ft_mesur_b’:
/home/simpster-1/dev_stuff/42_coding/42/z_circle_02/push_swap/src/push_swap/sort_big.c:159:19: warning: implicit declaration of function ‘ft_find_insert_position’ [-Wimplicit-function-declaration]
  159 |         ref_num = ft_find_insert_position(num, stack_b);
      |                   ^~~~~~~~~~~~~~~~~~~~~~~
/home/simpster-1/dev_stuff/42_coding/42/z_circle_02/push_swap/src/push_swap/sort_big.c: In function ‘ft_find_insert_position’:
/home/simpster-1/dev_stuff/42_coding/42/z_circle_02/push_swap/src/push_swap/sort_big.c:187:17: warning: implicit declaration of function ‘ft_rel_index_largest’ [-Wimplicit-function-declaration]
  187 |         rel_i = ft_rel_index_largest(largest, stack_b);
      |                 ^~~~~~~~~~~~~~~~~~~~
/home/simpster-1/dev_stuff/42_coding/42/z_circle_02/push_swap/src/push_swap/sort_big.c: In function ‘ft_rel_index_largest’:
/home/simpster-1/dev_stuff/42_coding/42/z_circle_02/push_swap/src/push_swap/sort_big.c:205:16: warning: implicit declaration of function ‘ft_find_dist’ [-Wimplicit-function-declaration]
  205 |         dist = ft_find_dist(largest, stack_b);
      |                ^~~~~~~~~~~~
/home/simpster-1/dev_stuff/42_coding/42/z_circle_02/push_swap/src/push_swap/sort_big.c: In function ‘final_orient’:
/home/simpster-1/dev_stuff/42_coding/42/z_circle_02/push_swap/src/push_swap/sort_big.c:266:39: warning: passing argument 1 of ‘ft_free_lists_or_list’ from incompatible pointer type [-Wincompatible-pointer-types]
  266 |                 ft_free_lists_or_list(stack_a, stack_b, NULL);
      |                                       ^~~~~~~
      |                                       |
      |                                       t_digit ** {aka struct s_digit **}
/home/simpster-1/dev_stuff/42_coding/42/z_circle_02/push_swap/src/push_swap/../../includes/push_swap.h:44:37: note: expected ‘t_digit *’ {aka ‘struct s_digit *’} but argument is of type ‘t_digit **’ {aka ‘struct s_digit **’}
   44 | void ft_free_lists_or_list(t_digit *a_stack, ...);
      |                            ~~~~~~~~~^~~~~~~
/home/simpster-1/dev_stuff/42_coding/42/z_circle_02/push_swap/src/push_swap/sort_big.c:269:17: warning: implicit declaration of function ‘ft_steps_to_min’ [-Wimplicit-function-declaration]
  269 |         steps = ft_steps_to_min(stack_a);
      |                 ^~~~~~~~~~~~~~~
/home/simpster-1/dev_stuff/42_coding/42/z_circle_02/push_swap/src/push_swap/sort_big.c:273:39: warning: passing argument 1 of ‘ft_free_lists_or_list’ from incompatible pointer type [-Wincompatible-pointer-types]
  273 |                 ft_free_lists_or_list(stack_a, stack_b);
      |                                       ^~~~~~~
      |                                       |
      |                                       t_digit ** {aka struct s_digit **}
/home/simpster-1/dev_stuff/42_coding/42/z_circle_02/push_swap/src/push_swap/../../includes/push_swap.h:44:37: note: expected ‘t_digit *’ {aka ‘struct s_digit *’} but argument is of type ‘t_digit **’ {aka ‘struct s_digit **’}
   44 | void ft_free_lists_or_list(t_digit *a_stack, ...);
      |                            ~~~~~~~~~^~~~~~~
/home/simpster-1/dev_stuff/42_coding/42/z_circle_02/push_swap/src/push_swap/sort_big.c:286:31: warning: passing argument 1 of ‘ft_free_lists_or_list’ from incompatible pointer type [-Wincompatible-pointer-types]
  286 |         ft_free_lists_or_list(stack_a, stack_b);
      |                               ^~~~~~~
      |                               |
      |                               t_digit ** {aka struct s_digit **}
/home/simpster-1/dev_stuff/42_coding/42/z_circle_02/push_swap/src/push_swap/../../includes/push_swap.h:44:37: note: expected ‘t_digit *’ {aka ‘struct s_digit *’} but argument is of type ‘t_digit **’ {aka ‘struct s_digit **’}
   44 | void ft_free_lists_or_list(t_digit *a_stack, ...);
      |                            ~~~~~~~~~^~~~~~~
/home/simpster-1/dev_stuff/42_coding/42/z_circle_02/push_swap/src/push_swap/sort_big.c: In function ‘ft_steps_to_min’:
/home/simpster-1/dev_stuff/42_coding/42/z_circle_02/push_swap/src/push_swap/sort_big.c:303:22: warning: passing argument 1 of ‘ft_min’ from incompatible pointer type [-Wincompatible-pointer-types]
  303 |         min = ft_min(stack);
      |                      ^~~~~
      |                      |
      |                      t_digit ** {aka struct s_digit **}
/home/simpster-1/dev_stuff/42_coding/42/z_circle_02/push_swap/src/push_swap/../../includes/push_swap.h:34:33: note: expected ‘t_digit *’ {aka ‘struct s_digit *’} but argument is of type ‘t_digit **’ {aka ‘struct s_digit **’}
   34 | int             ft_min(t_digit *stack);
      |                        ~~~~~~~~~^~~~~
/home/simpster-1/dev_stuff/42_coding/42/z_circle_02/push_swap/src/push_swap/sort_big.c:312:15: warning: implicit declaration of function ‘ft_last’ [-Wimplicit-function-declaration]
  312 |         tmp = ft_last(stack);
      |               ^~~~~~~
/home/simpster-1/dev_stuff/42_coding/42/z_circle_02/push_swap/src/push_swap/sort_big.c:312:13: warning: assignment to ‘t_digit *’ {aka ‘struct s_digit *’} from ‘int’ makes pointer from integer without a cast [-Wint-conversion]
  312 |         tmp = ft_last(stack);
      |             ^
/home/simpster-1/dev_stuff/42_coding/42/z_circle_02/push_swap/src/push_swap/sort_big.c: In function ‘ft_mega_push_a’:
/home/simpster-1/dev_stuff/42_coding/42/z_circle_02/push_swap/src/push_swap/sort_big.c:335:29: warning: passing argument 1 of ‘ft_stacksize’ from incompatible pointer type [-Wincompatible-pointer-types]
  335 |         size = ft_stacksize(stack_b);
      |                             ^~~~~~~
      |                             |
      |                             t_digit ** {aka struct s_digit **}
/home/simpster-1/dev_stuff/42_coding/42/z_circle_02/push_swap/src/push_swap/../../includes/push_swap.h:33:39: note: expected ‘t_digit *’ {aka ‘struct s_digit *’} but argument is of type ‘t_digit **’ {aka ‘struct s_digit **’}
   33 | int             ft_stacksize(t_digit *stack);
      |                              ~~~~~~~~~^~~~~
/home/simpster-1/dev_stuff/42_coding/42/z_circle_02/push_swap/src/push_swap/sort_main.c:7:1: warning: parameter names (without types) in function declaration
    7 | void ft_sort_u_five(stack_a, stack_b, a_len);
      | ^~~~
/home/simpster-1/dev_stuff/42_coding/42/z_circle_02/push_swap/src/push_swap/sort_main.c: In function ‘ft_sort’:
/home/simpster-1/dev_stuff/42_coding/42/z_circle_02/push_swap/src/push_swap/sort_main.c:18:17: warning: implicit declaration of function ‘ft_sort_big’; did you mean ‘ft_sort’? [-Wimplicit-function-declaration]
   18 |                 ft_sort_big(stack_a, stack_b);
      |                 ^~~~~~~~~~~
      |                 ft_sort
/home/simpster-1/dev_stuff/42_coding/42/z_circle_02/push_swap/src/push_swap/sort_main.c: In function ‘ft_sort_u_five’:
/home/simpster-1/dev_stuff/42_coding/42/z_circle_02/push_swap/src/push_swap/sort_main.c:24:6: warning: type of ‘stack_a’ defaults to ‘int’ [-Wimplicit-int]
   24 | void ft_sort_u_five(stack_a, stack_b, a_len)
      |      ^~~~~~~~~~~~~~
/home/simpster-1/dev_stuff/42_coding/42/z_circle_02/push_swap/src/push_swap/sort_main.c:24:6: warning: type of ‘stack_b’ defaults to ‘int’ [-Wimplicit-int]
/home/simpster-1/dev_stuff/42_coding/42/z_circle_02/push_swap/src/push_swap/sort_main.c:24:6: warning: type of ‘a_len’ defaults to ‘int’ [-Wimplicit-int]
/home/simpster-1/dev_stuff/42_coding/42/z_circle_02/push_swap/src/push_swap/sort_main.c:28:39: warning: passing argument 1 of ‘ft_free_lists_or_list’ makes pointer from integer without a cast [-Wint-conversion]
   28 |                 ft_free_lists_or_list(stack_a, stack_b, NULL);
      |                                       ^~~~~~~
      |                                       |
      |                                       int
In file included from /home/simpster-1/dev_stuff/42_coding/42/z_circle_02/push_swap/src/push_swap/sort_main.c:2:
/home/simpster-1/dev_stuff/42_coding/42/z_circle_02/push_swap/src/push_swap/../../includes/push_swap.h:44:37: note: expected ‘t_digit *’ {aka ‘struct s_digit *’} but argument is of type ‘int’
   44 | void ft_free_lists_or_list(t_digit *a_stack, ...);
      |                            ~~~~~~~~~^~~~~~~
/home/simpster-1/dev_stuff/42_coding/42/z_circle_02/push_swap/src/push_swap/sort_main.c:33:23: warning: passing argument 1 of ‘ft_sa’ makes pointer from integer without a cast [-Wint-conversion]
   33 |                 ft_sa(stack_a);
      |                       ^~~~~~~
      |                       |
      |                       int
/home/simpster-1/dev_stuff/42_coding/42/z_circle_02/push_swap/src/push_swap/../../includes/push_swap.h:49:33: note: expected ‘t_digit **’ {aka ‘struct s_digit **’} but argument is of type ‘int’
   49 | void            ft_sa(t_digit **stack_a);
      |                       ~~~~~~~~~~^~~~~~~
/home/simpster-1/dev_stuff/42_coding/42/z_circle_02/push_swap/src/push_swap/sort_main.c:34:39: warning: passing argument 1 of ‘ft_free_lists_or_list’ makes pointer from integer without a cast [-Wint-conversion]
   34 |                 ft_free_lists_or_list(stack_a, stack_b, NULL);
      |                                       ^~~~~~~
      |                                       |
      |                                       int
/home/simpster-1/dev_stuff/42_coding/42/z_circle_02/push_swap/src/push_swap/../../includes/push_swap.h:44:37: note: expected ‘t_digit *’ {aka ‘struct s_digit *’} but argument is of type ‘int’
   44 | void ft_free_lists_or_list(t_digit *a_stack, ...);
      |                            ~~~~~~~~~^~~~~~~
/home/simpster-1/dev_stuff/42_coding/42/z_circle_02/push_swap/src/push_swap/sort_main.c:39:17: warning: implicit declaration of function ‘ft_sort_three’ [-Wimplicit-function-declaration]
   39 |                 ft_sort_three(stack_a);
      |                 ^~~~~~~~~~~~~
/home/simpster-1/dev_stuff/42_coding/42/z_circle_02/push_swap/src/push_swap/sort_main.c:40:39: warning: passing argument 1 of ‘ft_free_lists_or_list’ makes pointer from integer without a cast [-Wint-conversion]
   40 |                 ft_free_lists_or_list(stack_a, stack_b, NULL);
      |                                       ^~~~~~~
      |                                       |
      |                                       int
/home/simpster-1/dev_stuff/42_coding/42/z_circle_02/push_swap/src/push_swap/../../includes/push_swap.h:44:37: note: expected ‘t_digit *’ {aka ‘struct s_digit *’} but argument is of type ‘int’
   44 | void ft_free_lists_or_list(t_digit *a_stack, ...);
      |                            ~~~~~~~~~^~~~~~~
/home/simpster-1/dev_stuff/42_coding/42/z_circle_02/push_swap/src/push_swap/sort_main.c:45:17: warning: implicit declaration of function ‘ft_sort_four’; did you mean ‘ft_sort_u_five’? [-Wimplicit-function-declaration]
   45 |                 ft_sort_four(stack_a, stack_b);
      |                 ^~~~~~~~~~~~
      |                 ft_sort_u_five
/home/simpster-1/dev_stuff/42_coding/42/z_circle_02/push_swap/src/push_swap/sort_main.c:46:39: warning: passing argument 1 of ‘ft_free_lists_or_list’ makes pointer from integer without a cast [-Wint-conversion]
   46 |                 ft_free_lists_or_list(stack_a, stack_b, NULL);
      |                                       ^~~~~~~
      |                                       |
      |                                       int
/home/simpster-1/dev_stuff/42_coding/42/z_circle_02/push_swap/src/push_swap/../../includes/push_swap.h:44:37: note: expected ‘t_digit *’ {aka ‘struct s_digit *’} but argument is of type ‘int’
   44 | void ft_free_lists_or_list(t_digit *a_stack, ...);
      |                            ~~~~~~~~~^~~~~~~
/home/simpster-1/dev_stuff/42_coding/42/z_circle_02/push_swap/src/push_swap/sort_four.c: In function ‘ft_sort_four’:
/home/simpster-1/dev_stuff/42_coding/42/z_circle_02/push_swap/src/push_swap/sort_four.c:13:8: warning: implicit declaration of function ‘ft_is_sorted’; did you mean ‘ft_checksorted’? [-Wimplicit-function-declaration]
   13 |     if(ft_is_sorted(stack_a))
      |        ^~~~~~~~~~~~
      |        ft_checksorted
/home/simpster-1/dev_stuff/42_coding/42/z_circle_02/push_swap/src/push_swap/sort_four.c: At top level:
/home/simpster-1/dev_stuff/42_coding/42/z_circle_02/push_swap/src/push_swap/sort_four.c:3:18: warning: ‘ft_read_perm’ used but never defined
    3 | static char     *ft_read_perm(t_digit **stack); // need to define this function later, *maybe* not make static
      |                  ^~~~~~~~~~~~
